<?xml version="1.0" encoding="UTF-8"?>
<coverage generated="1716940710148" clover="3.2.0">
  <project timestamp="1716940710148" name="All files">
    <metrics statements="10" coveredstatements="10" conditionals="0" coveredconditionals="0" methods="6" coveredmethods="6" elements="16" coveredelements="16" complexity="0" loc="10" ncloc="10" packages="1" files="2" classes="2"/>
    <file name="calculator.ts" path="/home/popos/Projetos/TSTESTCOURSE/src/app/calculator.ts">
      <metrics statements="3" coveredstatements="3" conditionals="0" coveredconditionals="0" methods="2" coveredmethods="2"/>
      <line num="2" count="1" type="stmt"/>
      <line num="4" count="1" type="stmt"/>
      <line num="7" count="1" type="stmt"/>
    </file>
    <file name="upperCase.ts" path="/home/popos/Projetos/TSTESTCOURSE/src/app/upperCase.ts">
      <metrics statements="7" coveredstatements="7" conditionals="0" coveredconditionals="0" methods="4" coveredmethods="4"/>
      <line num="3" count="1" type="stmt"/>
      <line num="5" count="1" type="stmt"/>
      <line num="9" count="1" type="stmt"/>
      <line num="13" count="1" type="stmt"/>
      <line num="14" count="8" type="stmt"/>
      <line num="25" count="1" type="stmt"/>
      <line num="26" count="13" type="stmt"/>
    </file>
  </project>
</coverage>
